{"/app/api/send-gmail.js": {"path":"/app/api/send-gmail.js","statementMap":{"0":{"start":{"line":3,"column":14},"end":{"line":3,"column":44}},"1":{"start":{"line":4,"column":21},"end":{"line":4,"column":51}},"2":{"start":{"line":6,"column":20},"end":{"line":9,"column":2}},"3":{"start":{"line":15,"column":28},"end":{"line":15,"column":57}},"4":{"start":{"line":16,"column":2},"end":{"line":16,"column":52}},"5":{"start":{"line":17,"column":2},"end":{"line":17,"column":65}},"6":{"start":{"line":18,"column":2},"end":{"line":18,"column":64}},"7":{"start":{"line":20,"column":2},"end":{"line":22,"column":3}},"8":{"start":{"line":21,"column":4},"end":{"line":21,"column":33}},"9":{"start":{"line":24,"column":2},"end":{"line":26,"column":3}},"10":{"start":{"line":25,"column":4},"end":{"line":25,"column":65}},"11":{"start":{"line":28,"column":21},"end":{"line":28,"column":29}},"12":{"start":{"line":30,"column":2},"end":{"line":32,"column":3}},"13":{"start":{"line":31,"column":4},"end":{"line":31,"column":83}},"14":{"start":{"line":34,"column":20},"end":{"line":37,"column":42}},"15":{"start":{"line":36,"column":14},"end":{"line":36,"column":22}},"16":{"start":{"line":37,"column":17},"end":{"line":37,"column":41}},"17":{"start":{"line":39,"column":2},"end":{"line":41,"column":3}},"18":{"start":{"line":40,"column":4},"end":{"line":40,"column":81}},"19":{"start":{"line":43,"column":18},"end":{"line":43,"column":20}},"20":{"start":{"line":45,"column":2},"end":{"line":66,"column":3}},"21":{"start":{"line":46,"column":24},"end":{"line":58,"column":5}},"22":{"start":{"line":60,"column":4},"end":{"line":65,"column":5}},"23":{"start":{"line":61,"column":6},"end":{"line":61,"column":46}},"24":{"start":{"line":62,"column":6},"end":{"line":62,"column":49}},"25":{"start":{"line":64,"column":6},"end":{"line":64,"column":71}},"26":{"start":{"line":69,"column":20},"end":{"line":69,"column":88}},"27":{"start":{"line":70,"column":20},"end":{"line":70,"column":23}},"28":{"start":{"line":71,"column":29},"end":{"line":71,"column":47}},"29":{"start":{"line":73,"column":2},"end":{"line":114,"column":3}},"30":{"start":{"line":75,"column":4},"end":{"line":109,"column":5}},"31":{"start":{"line":77,"column":6},"end":{"line":77,"column":112}},"32":{"start":{"line":78,"column":6},"end":{"line":78,"column":105}},"33":{"start":{"line":80,"column":29},"end":{"line":87,"column":8}},"34":{"start":{"line":89,"column":6},"end":{"line":108,"column":7}},"35":{"start":{"line":90,"column":26},"end":{"line":90,"column":53}},"36":{"start":{"line":92,"column":8},"end":{"line":92,"column":110}},"37":{"start":{"line":93,"column":8},"end":{"line":93,"column":129}},"38":{"start":{"line":95,"column":21},"end":{"line":95,"column":48}},"39":{"start":{"line":96,"column":8},"end":{"line":107,"column":9}},"40":{"start":{"line":97,"column":33},"end":{"line":97,"column":49}},"41":{"start":{"line":98,"column":10},"end":{"line":98,"column":39}},"42":{"start":{"line":99,"column":10},"end":{"line":102,"column":11}},"43":{"start":{"line":101,"column":12},"end":{"line":101,"column":103}},"44":{"start":{"line":105,"column":10},"end":{"line":105,"column":75}},"45":{"start":{"line":106,"column":10},"end":{"line":106,"column":110}},"46":{"start":{"line":112,"column":4},"end":{"line":112,"column":70}},"47":{"start":{"line":113,"column":4},"end":{"line":113,"column":124}},"48":{"start":{"line":116,"column":25},"end":{"line":116,"column":64}},"49":{"start":{"line":116,"column":43},"end":{"line":116,"column":63}},"50":{"start":{"line":117,"column":26},"end":{"line":117,"column":58}},"51":{"start":{"line":119,"column":2},"end":{"line":131,"column":3}},"52":{"start":{"line":120,"column":4},"end":{"line":120,"column":22}},"53":{"start":{"line":121,"column":4},"end":{"line":125,"column":5}},"54":{"start":{"line":122,"column":6},"end":{"line":122,"column":118}},"55":{"start":{"line":124,"column":6},"end":{"line":124,"column":116}},"56":{"start":{"line":126,"column":9},"end":{"line":131,"column":3}},"57":{"start":{"line":127,"column":4},"end":{"line":127,"column":22}},"58":{"start":{"line":128,"column":4},"end":{"line":128,"column":96}},"59":{"start":{"line":130,"column":4},"end":{"line":130,"column":85}},"60":{"start":{"line":133,"column":2},"end":{"line":137,"column":5}}},"fnMap":{"0":{"name":"handler","decl":{"start":{"line":14,"column":30},"end":{"line":14,"column":37}},"loc":{"start":{"line":14,"column":48},"end":{"line":138,"column":1}},"line":14},"1":{"name":"(anonymous_1)","decl":{"start":{"line":36,"column":9},"end":{"line":36,"column":10}},"loc":{"start":{"line":36,"column":14},"end":{"line":36,"column":22}},"line":36},"2":{"name":"(anonymous_2)","decl":{"start":{"line":37,"column":12},"end":{"line":37,"column":13}},"loc":{"start":{"line":37,"column":17},"end":{"line":37,"column":41}},"line":37},"3":{"name":"(anonymous_3)","decl":{"start":{"line":116,"column":38},"end":{"line":116,"column":39}},"loc":{"start":{"line":116,"column":43},"end":{"line":116,"column":63}},"line":116}},"branchMap":{"0":{"loc":{"start":{"line":20,"column":2},"end":{"line":22,"column":3}},"type":"if","locations":[{"start":{"line":20,"column":2},"end":{"line":22,"column":3}},{"start":{},"end":{}}],"line":20},"1":{"loc":{"start":{"line":24,"column":2},"end":{"line":26,"column":3}},"type":"if","locations":[{"start":{"line":24,"column":2},"end":{"line":26,"column":3}},{"start":{},"end":{}}],"line":24},"2":{"loc":{"start":{"line":30,"column":2},"end":{"line":32,"column":3}},"type":"if","locations":[{"start":{"line":30,"column":2},"end":{"line":32,"column":3}},{"start":{},"end":{}}],"line":30},"3":{"loc":{"start":{"line":30,"column":6},"end":{"line":30,"column":43}},"type":"binary-expr","locations":[{"start":{"line":30,"column":6},"end":{"line":30,"column":13}},{"start":{"line":30,"column":17},"end":{"line":30,"column":43}}],"line":30},"4":{"loc":{"start":{"line":39,"column":2},"end":{"line":41,"column":3}},"type":"if","locations":[{"start":{"line":39,"column":2},"end":{"line":41,"column":3}},{"start":{},"end":{}}],"line":39},"5":{"loc":{"start":{"line":75,"column":4},"end":{"line":109,"column":5}},"type":"if","locations":[{"start":{"line":75,"column":4},"end":{"line":109,"column":5}},{"start":{"line":79,"column":11},"end":{"line":109,"column":5}}],"line":75},"6":{"loc":{"start":{"line":75,"column":8},"end":{"line":75,"column":63}},"type":"binary-expr","locations":[{"start":{"line":75,"column":8},"end":{"line":75,"column":26}},{"start":{"line":75,"column":30},"end":{"line":75,"column":63}}],"line":75},"7":{"loc":{"start":{"line":89,"column":6},"end":{"line":108,"column":7}},"type":"if","locations":[{"start":{"line":89,"column":6},"end":{"line":108,"column":7}},{"start":{"line":94,"column":13},"end":{"line":108,"column":7}}],"line":89},"8":{"loc":{"start":{"line":99,"column":10},"end":{"line":102,"column":11}},"type":"if","locations":[{"start":{"line":99,"column":10},"end":{"line":102,"column":11}},{"start":{},"end":{}}],"line":99},"9":{"loc":{"start":{"line":119,"column":2},"end":{"line":131,"column":3}},"type":"if","locations":[{"start":{"line":119,"column":2},"end":{"line":131,"column":3}},{"start":{"line":126,"column":9},"end":{"line":131,"column":3}}],"line":119},"10":{"loc":{"start":{"line":121,"column":4},"end":{"line":125,"column":5}},"type":"if","locations":[{"start":{"line":121,"column":4},"end":{"line":125,"column":5}},{"start":{"line":123,"column":11},"end":{"line":125,"column":5}}],"line":121},"11":{"loc":{"start":{"line":126,"column":9},"end":{"line":131,"column":3}},"type":"if","locations":[{"start":{"line":126,"column":9},"end":{"line":131,"column":3}},{"start":{"line":129,"column":9},"end":{"line":131,"column":3}}],"line":126}},"s":{"0":12,"1":12,"2":12,"3":11,"4":11,"5":11,"6":11,"7":11,"8":0,"9":11,"10":0,"11":11,"12":11,"13":2,"14":9,"15":17,"16":17,"17":9,"18":1,"19":8,"20":8,"21":15,"22":15,"23":15,"24":12,"25":3,"26":8,"27":8,"28":8,"29":8,"30":8,"31":1,"32":1,"33":7,"34":6,"35":1,"36":1,"37":1,"38":5,"39":5,"40":5,"41":4,"42":4,"43":1,"44":1,"45":1,"46":1,"47":1,"48":8,"49":14,"50":8,"51":8,"52":5,"53":5,"54":0,"55":5,"56":3,"57":2,"58":2,"59":1,"60":8},"f":{"0":11,"1":17,"2":17,"3":14},"b":{"0":[0,11],"1":[0,11],"2":[2,9],"3":[11,10],"4":[1,8],"5":[1,7],"6":[8,7],"7":[1,5],"8":[1,3],"9":[5,3],"10":[0,5],"11":[2,1]},"_coverageSchema":"1a1c01bbd47fc00a2c39e90264f33305004495a9","hash":"60acc0631baacc1c9836682bcf151ba231241714"}
}
