TN:
SF:api/send-gmail.js
FN:14,handler
FN:36,(anonymous_1)
FN:37,(anonymous_2)
FN:116,(anonymous_3)
FNF:4
FNH:4
FNDA:11,handler
FNDA:17,(anonymous_1)
FNDA:17,(anonymous_2)
FNDA:14,(anonymous_3)
DA:3,12
DA:4,12
DA:6,12
DA:15,11
DA:16,11
DA:17,11
DA:18,11
DA:20,11
DA:21,0
DA:24,11
DA:25,0
DA:28,11
DA:30,11
DA:31,2
DA:34,9
DA:36,17
DA:37,17
DA:39,9
DA:40,1
DA:43,8
DA:45,8
DA:46,15
DA:60,15
DA:61,15
DA:62,12
DA:64,3
DA:69,8
DA:70,8
DA:71,8
DA:73,8
DA:75,8
DA:77,1
DA:78,1
DA:80,7
DA:89,6
DA:90,1
DA:92,1
DA:93,1
DA:95,5
DA:96,5
DA:97,5
DA:98,4
DA:99,4
DA:101,1
DA:105,1
DA:106,1
DA:112,1
DA:113,1
DA:116,14
DA:117,8
DA:119,8
DA:120,5
DA:121,5
DA:122,0
DA:124,5
DA:126,3
DA:127,2
DA:128,2
DA:130,1
DA:133,8
LF:60
LH:57
BRDA:20,0,0,0
BRDA:20,0,1,11
BRDA:24,1,0,0
BRDA:24,1,1,11
BRDA:30,2,0,2
BRDA:30,2,1,9
BRDA:30,3,0,11
BRDA:30,3,1,10
BRDA:39,4,0,1
BRDA:39,4,1,8
BRDA:75,5,0,1
BRDA:75,5,1,7
BRDA:75,6,0,8
BRDA:75,6,1,7
BRDA:89,7,0,1
BRDA:89,7,1,5
BRDA:99,8,0,1
BRDA:99,8,1,3
BRDA:119,9,0,5
BRDA:119,9,1,3
BRDA:121,10,0,0
BRDA:121,10,1,5
BRDA:126,11,0,2
BRDA:126,11,1,1
BRF:24
BRH:21
end_of_record
